\BOOKMARK [0][-]{chapter.1}{\376\377\000W\000s\000t\001\031\000p}{}% 1
\BOOKMARK [1][-]{section.1.1}{\376\377\000C\000e\000l\000\040\000i\000\040\000z\000a\000k\000r\000e\000s\000\040\000p\000r\000a\000c\000y}{chapter.1}% 2
\BOOKMARK [0][-]{chapter.2}{\376\377\000P\000r\000z\000e\000g\000l\001\005\000d\000\040\000l\000i\000t\000e\000r\000a\000t\000u\000r\000y}{}% 3
\BOOKMARK [1][-]{section.2.1}{\376\377\000P\000o\000d\000s\000t\000a\000w\000y\000\040\000t\000e\000o\000r\000e\000t\000y\000c\000z\000n\000e}{chapter.2}% 4
\BOOKMARK [2][-]{subsection.2.1.1}{\376\377\000M\000a\000c\000h\000i\000n\000e\000\040\000L\000e\000a\000r\000n\000i\000n\000g}{section.2.1}% 5
\BOOKMARK [2][-]{subsection.2.1.2}{\376\377\000S\000V\000M}{section.2.1}% 6
\BOOKMARK [2][-]{subsection.2.1.3}{\376\377\000N\000e\000u\000r\000a\000l\000\040\000n\000e\000t\000w\000o\000r\000k}{section.2.1}% 7
\BOOKMARK [2][-]{subsection.2.1.4}{\376\377\000D\000e\000e\000p\000\040\000l\000e\000a\000r\000n\000i\000n\000g}{section.2.1}% 8
\BOOKMARK [2][-]{subsection.2.1.5}{\376\377\000C\000N\000N}{section.2.1}% 9
\BOOKMARK [2][-]{subsection.2.1.6}{\376\377\000S\000p\000e\000k\000t\000r\000o\000g\000r\000a\000m}{section.2.1}% 10
\BOOKMARK [2][-]{subsection.2.1.7}{\376\377\000Z\000a\000s\000a\000d\000a\000\040\000n\000i\000e\000o\000z\000n\000a\000c\000z\000o\000n\000o\001\133\000c\000i\000\040\000H\000e\000i\000s\000e\000n\000b\000e\000r\000g\000a}{section.2.1}% 11
\BOOKMARK [2][-]{subsection.2.1.8}{\376\377\000P\000r\000a\000w\000o\000\040\000W\000e\000b\000e\000r\000a\000-\000F\000e\000c\000h\000n\000e\000r\000a}{section.2.1}% 12
\BOOKMARK [2][-]{subsection.2.1.9}{\376\377\000S\000k\000a\000l\000a\000\040\000m\000e\000l\000o\000w\000a}{section.2.1}% 13
\BOOKMARK [2][-]{subsection.2.1.10}{\376\377\000M\000F\000C\000C}{section.2.1}% 14
\BOOKMARK [2][-]{subsection.2.1.11}{\376\377\000M\000e\000l\000-\000s\000p\000e\000k\000t\000r\000o\000g\000r\000a\000m}{section.2.1}% 15
\BOOKMARK [1][-]{section.2.2}{\376\377\000P\000r\000z\000e\000g\000l\001\005\000d\000\040\000d\000o\000t\000y\000c\000h\000c\000z\000a\000s\000o\000w\000y\000c\000h\000\040\000b\000a\000d\000a\001\104}{chapter.2}% 16
\BOOKMARK [0][-]{chapter.3}{\376\377\000O\000p\000i\000s\000\040\000z\000b\000i\000o\000r\000\363\000w\000\040\000d\000a\000n\000y\000c\000h}{}% 17
\BOOKMARK [1][-]{section.3.1}{\376\377\000\040\000Z\000b\000i\000\363\000r\000\040\000K\000a\000g\000g\000l\000e}{chapter.3}% 18
\BOOKMARK [1][-]{section.3.2}{\376\377\000\040\000Z\000b\000i\000\363\000r\000\040\000I\000R\000M\000A\000S}{chapter.3}% 19
\BOOKMARK [1][-]{section.3.3}{\376\377\000P\000r\000z\000y\000g\000o\000t\000o\000w\000a\000n\000i\000e\000\040\000d\000a\000n\000y\000c\000h}{chapter.3}% 20
\BOOKMARK [1][-]{section.3.4}{\376\377\000P\000o\000d\000z\000i\000a\001\102\000\040\000z\000b\000i\000o\000r\000\363\000w\000\040\000t\000r\000e\000n\000i\000n\000g\000o\000w\000y\000c\000h\000\040\000i\000\040\000t\000e\000s\000t\000o\000w\000y\000c\000h}{chapter.3}% 21
\BOOKMARK [0][-]{chapter.4}{\376\377\000M\000e\000t\000o\000d\000y\000\040\000e\000k\000s\000t\000r\000a\000k\000c\000j\000i\000\040\000c\000e\000c\000h}{}% 22
\BOOKMARK [1][-]{section.4.1}{\376\377\000W\000y\000l\000i\000c\000z\000e\000n\000i\000a\000\040\001\133\000r\000e\000d\000n\000i\000e\000j\000\040\000i\000\040\000o\000d\000c\000h\000y\000l\000e\000n\000i\000a\000\040\000s\000t\000a\000n\000d\000a\000r\000d\000o\000w\000e\000g\000o\000\040\000M\000F\000C\000C}{chapter.4}% 23
\BOOKMARK [1][-]{section.4.2}{\376\377\000G\000e\000n\000e\000r\000o\000w\000a\000n\000i\000e\000\040\000w\000s\000p\000\363\001\102\000c\000z\000y\000n\000n\000i\000k\000\363\000w\000\040\000M\000F\000C\000C}{chapter.4}% 24
\BOOKMARK [1][-]{section.4.3}{\376\377\000G\000e\000n\000e\000r\000o\000w\000a\000n\000i\000e\000\040\000m\000e\000l\000-\000s\000p\000e\000k\000t\000r\000o\000g\000r\000a\000m\000\363\000w}{chapter.4}% 25
\BOOKMARK [0][-]{chapter.5}{\376\377\000O\000p\000i\000s\000\040\000z\000a\000s\000t\000o\000s\000o\000w\000a\000n\000y\000c\000h\000\040\000m\000o\000d\000e\000l\000i\000\040\000k\000l\000a\000s\000y\000f\000i\000k\000a\000c\000y\000j\000n\000y\000c\000h}{}% 26
\BOOKMARK [1][-]{section.5.1}{\376\377\000P\000r\000z\000e\000u\000c\000z\000e\000n\000i\000e}{chapter.5}% 27
\BOOKMARK [1][-]{section.5.2}{\376\377\000M\000o\000d\000e\000l\000e\000\040\000S\000V\000M}{chapter.5}% 28
\BOOKMARK [1][-]{section.5.3}{\376\377\000M\000o\000d\000e\000l\000e\000\040\000C\000N\000N}{chapter.5}% 29
\BOOKMARK [2][-]{subsection.5.3.1}{\376\377\000S\000p\000l\000o\000t}{section.5.3}% 30
\BOOKMARK [2][-]{subsection.5.3.2}{\376\377\000W\000a\000r\000s\000t\000w\000a\000\040\000k\000o\000n\000w\000o\000l\000u\000c\000y\000j\000n\000a}{section.5.3}% 31
\BOOKMARK [2][-]{subsection.5.3.3}{\376\377\000W\000a\000r\000s\000t\000w\000y\000\040\000p\000o\000o\000l\000i\000n\000g\000o\000w\000e}{section.5.3}% 32
\BOOKMARK [2][-]{subsection.5.3.4}{\376\377\000N\000o\000r\000m\000a\000l\000i\000z\000a\000c\000j\000a\000\040\000w\000s\000a\000d\000o\000w\000a}{section.5.3}% 33
\BOOKMARK [2][-]{subsection.5.3.5}{\376\377\000W\000a\000r\000s\000t\000w\000a\000\040\000d\000r\000o\000p\000o\000u\000t}{section.5.3}% 34
\BOOKMARK [2][-]{subsection.5.3.6}{\376\377\000W\000a\000r\000s\000t\000w\000y\000\040\000g\001\031\000s\000t\000o\000\040\000p\000o\001\102\001\005\000c\000z\000o\000n\000e}{section.5.3}% 35
\BOOKMARK [0][-]{chapter.6}{\376\377\000W\000y\000n\000i\000k\000i\000\040\000i\000\040\000a\000n\000a\000l\000i\000z\000a\000\040\000e\000k\000s\000p\000e\000r\000y\000m\000e\000n\000t\000\363\000w}{}% 36
\BOOKMARK [1][-]{section.6.1}{\376\377\000K\000r\000y\000t\000e\000r\000i\000a\000\040\000o\000c\000e\000n\000y\000\040\000i\000\040\000m\000e\000t\000r\000y\000k\000i}{chapter.6}% 37
\BOOKMARK [2][-]{subsection.6.1.1}{\376\377\000D\000o\000k\001\102\000a\000d\000n\000o\001\133\001\007}{section.6.1}% 38
\BOOKMARK [2][-]{subsection.6.1.2}{\376\377\000P\000r\000e\000c\000y\000z\000j\000a}{section.6.1}% 39
\BOOKMARK [2][-]{subsection.6.1.3}{\376\377\000C\000z\000u\001\102\000o\001\133\001\007}{section.6.1}% 40
\BOOKMARK [2][-]{subsection.6.1.4}{\376\377\000F\0001\000-\000s\000c\000o\000r\000e}{section.6.1}% 41
\BOOKMARK [2][-]{subsection.6.1.5}{\376\377\001\132\000r\000e\000d\000n\000i\000a\000\040\000m\000a\000k\000r\000o}{section.6.1}% 42
\BOOKMARK [2][-]{subsection.6.1.6}{\376\377\001\132\000r\000e\000d\000n\000i\000a\000\040\000w\000a\001\174\000o\000n\000a}{section.6.1}% 43
\BOOKMARK [1][-]{section.6.2}{\376\377\000P\000o\000r\000\363\000w\000n\000a\000n\000i\000e\000\040\000w\000y\000n\000i\000k\000\363\000w\000\040\000m\000i\001\031\000d\000z\000y\000\040\000m\000o\000d\000e\000l\000a\000m\000i}{chapter.6}% 44
\BOOKMARK [2][-]{subsection.6.2.1}{\376\377\000M\000o\000d\000e\000l\000e\000\040\000S\000V\000M\000\040\000w\000y\000k\000o\000r\000z\000y\000s\000t\000u\000j\001\005\000c\000e\000\040\000s\000t\000a\000t\000y\000s\000t\000y\000k\000i\000\040\000M\000F\000C\000C}{section.6.2}% 45
\BOOKMARK [2][-]{subsection.6.2.2}{\376\377\000M\000o\000d\000e\000l\000e\000\040\000C\000N\000N\000\040\000w\000y\000k\000o\000r\000z\000y\000s\000t\000u\000j\001\005\000c\000e\000\040\000w\000s\000p\000\363\001\102\000c\000z\000y\000n\000n\000i\000k\000i\000\040\000M\000F\000C\000C}{section.6.2}% 46
\BOOKMARK [2][-]{subsection.6.2.3}{\376\377\000M\000o\000d\000e\000l\000e\000\040\000C\000N\000N\000\040\000w\000y\000k\000o\000r\000z\000y\000s\000t\000u\000j\001\005\000c\000e\000\040\000m\000e\000l\000-\000s\000p\000e\000k\000t\000r\000o\000g\000r\000a\000m\000a\000m\000y}{section.6.2}% 47
\BOOKMARK [1][-]{section.6.3}{\376\377\000A\000n\000a\000l\000i\000z\000a\000\040\000w\000y\000n\000i\000k\000\363\000w}{chapter.6}% 48
\BOOKMARK [1][-]{section.6.4}{\376\377\000S\000u\000g\000e\000s\000t\000i\000e\000\040\000u\000l\000e\000p\000s\000z\000e\001\104\000\040\000i\000\040\000k\000i\000e\000r\000u\000n\000k\000i\000\040\000d\000a\000l\000s\000z\000y\000c\000h\000\040\000b\000a\000d\000a\001\104}{chapter.6}% 49
\BOOKMARK [0][-]{chapter.7}{\376\377\000P\000o\000d\000s\000u\000m\000o\000w\000a\000n\000i\000e}{}% 50
\BOOKMARK [0][-]{chapter*.17}{\376\377\000B\000i\000b\000l\000i\000o\000g\000r\000a\000f\000i\000a}{}% 51
